2025-05-05 14:17:59,298 - attacks.synack - INFO - Starting SYN flood attack on :80

2025-05-05 14:18:12,386 - attacks.synack - INFO - Attack completed.

LOG STREAM OPENEDLOG STREAM OPENED2025-05-05 14:18:13,774 - firewallMonitor - INFO - Successfully initalised Firewall

2025-05-05 14:18:13,775 - __main__ - INFO - Starting network monitoring system

2025-05-05 14:18:13,776 - defense.defenseScript - INFO - Cleaning IPs from firewall, Unblocked: 0 IP addresses

2025-05-05 14:18:13,782 - firewallMonitor - INFO - Periodic cleanup complete

2025-05-05 14:18:14,387 - attacks.synack - INFO - Starting SYN flood attack on :80

2025-05-05 14:18:27,718 - attacks.synack - INFO - Attack completed.

LOG STREAM OPENEDLOG STREAM OPENEDLOG STREAM OPENEDLOG STREAM OPENEDLOG STREAM OPENEDLOG STREAM OPENED2025-05-05 14:19:36,735 - firewallMonitor - INFO - Successfully initalised Firewall

2025-05-05 14:19:36,736 - __main__ - INFO - Starting network monitoring system

2025-05-05 14:19:36,736 - defense.defenseScript - INFO - Cleaning IPs from firewall, Unblocked: 0 IP addresses

2025-05-05 14:19:36,740 - firewallMonitor - INFO - Periodic cleanup complete

LOG STREAM OPENEDLOG STREAM OPENED2025-05-05 14:20:55,610 - firewallMonitor - INFO - Successfully initalised Firewall

2025-05-05 14:20:55,611 - __main__ - INFO - Starting network monitoring system

2025-05-05 14:20:55,612 - defense.defenseScript - INFO - Cleaning IPs from firewall, Unblocked: 0 IP addresses

2025-05-05 14:20:55,614 - firewallMonitor - INFO - Periodic cleanup complete

2025-05-05 14:20:56,254 - attacks.synack - INFO - Starting SYN flood attack on :80

2025-05-05 14:20:56,273 - firewallMonitor - INFO - Successfully initalised Firewall

2025-05-05 14:21:08,536 - attacks.synack - INFO - Attack completed.

LOG STREAM OPENEDLOG STREAM OPENEDLOG STREAM OPENEDLOG STREAM OPENED2025-05-05 14:23:47,668 - firewallMonitor - INFO - Successfully initalised Firewall

2025-05-05 14:23:47,669 - __main__ - INFO - Starting network monitoring system

2025-05-05 14:23:47,771 - defense.defenseScript - INFO - Cleaning IPs from firewall, Unblocked: 0 IP addresses

2025-05-05 14:23:48,197 - attacks.synack - INFO - Starting SYN flood attack on :80

2025-05-05 14:23:49,164 - firewallMonitor - INFO - Periodic cleanup complete

2025-05-05 14:24:00,403 - attacks.synack - INFO - Attack completed.

LOG STREAM OPENEDLOG STREAM OPENEDLOG STREAM OPENEDLOG STREAM OPENEDLOG STREAM OPENED2025-05-05 14:26:40,737 - attacks.synack - INFO - Starting SYN flood attack on :80

2025-05-05 14:26:54,640 - attacks.synack - INFO - Attack completed.

LOG STREAM OPENEDLOG STREAM OPENED2025-05-05 14:26:56,156 - firewallMonitor - INFO - Successfully initalised Firewall

2025-05-05 14:26:56,158 - __main__ - INFO - Starting network monitoring system

LOG STREAM OPENEDLOG STREAM OPENED2025-05-05 14:54:15,464 - firewallMonitor - INFO - Successfully initalised Firewall

2025-05-05 14:54:15,465 - __main__ - INFO - Starting network monitoring system

2025-05-05 14:54:34,056 - attacks.synack - INFO - Starting SYN flood attack on :80

2025-05-05 14:54:47,618 - attacks.synack - INFO - Attack completed.

LOG STREAM OPENED2025-05-05 15:01:54,027 - firewallMonitor - INFO - Successfully initalised Firewall

2025-05-05 15:01:54,028 - __main__ - INFO - Starting network monitoring system

2025-05-05 15:02:12,582 - attacks.synack - INFO - Starting SYN flood attack on :80

2025-05-05 15:35:00,593 - firewallMonitor - INFO - Successfully initalised Firewall

2025-05-05 15:35:34,004 - firewallMonitor - INFO - Successfully initalised Firewall

2025-05-05 15:35:34,015 - firewallMonitor - INFO - Successfully initalised Firewall

2025-05-05 15:35:42,740 - firewallMonitor - INFO - Successfully initalised Firewall

2025-05-05 15:37:32,468 - firewallMonitor - INFO - Successfully initalised Firewall

2025-05-05 15:37:32,476 - firewallMonitor - INFO - Successfully initalised Firewall

2025-05-05 15:37:38,765 - firewallMonitor - INFO - Successfully initalised Firewall

2025-05-05 15:37:38,815 - defense.defenseScript - ERROR - Failed to execute command: netsh -A INPUT -p tcp --dport 80 -m limit --limit 125/s --limit-burst 105 -j ACCEPT | Command '['netsh', '-A', 'INPUT', '-p', 'tcp', '--dport', '80', '-m', 'limit', '--limit', '125/s', '--limit-burst', '105', '-j', 'ACCEPT']' returned non-zero exit status 1.

2025-05-05 15:37:38,816 - firewallMonitor - ERROR - Blocker failed to add rate limit for Protocol: tcp, Port: 80

2025-05-05 15:37:39,018 - firewallMonitor - INFO - Successfully initalised Firewall

2025-05-05 15:38:15,183 - firewallMonitor - INFO - Successfully initalised Firewall

2025-05-05 15:38:29,694 - firewallMonitor - INFO - Successfully initalised Firewall

2025-05-05 15:38:32,792 - firewallMonitor - INFO - Successfully initalised Firewall

2025-05-05 15:38:32,801 - firewallMonitor - INFO - Successfully initalised Firewall

2025-05-05 15:38:46,465 - firewallMonitor - INFO - Successfully initalised Firewall

2025-05-05 15:38:51,240 - firewallMonitor - INFO - Successfully initalised Firewall

2025-05-05 15:38:51,275 - defense.defenseScript - ERROR - Failed to execute command: netsh -D INPUT -p tcp --dport 80 -j DROP | Command '['netsh', '-D', 'INPUT', '-p', 'tcp', '--dport', '80', '-j', 'DROP']' returned non-zero exit status 1.

2025-05-05 15:38:51,276 - firewallMonitor - ERROR - Blocker failed to remove rate limit for Protocol: tcp, Port: 80

2025-05-05 15:38:51,284 - firewallMonitor - INFO - Successfully initalised Firewall

2025-05-05 15:38:57,411 - firewallMonitor - INFO - Successfully initalised Firewall

2025-05-05 15:38:57,443 - defense.defenseScript - ERROR - Failed to execute command: netsh -A INPUT -p tcp --dport 80 -m limit --limit 125/s --limit-burst 105 -j ACCEPT | Command '['netsh', '-A', 'INPUT', '-p', 'tcp', '--dport', '80', '-m', 'limit', '--limit', '125/s', '--limit-burst', '105', '-j', 'ACCEPT']' returned non-zero exit status 1.

2025-05-05 15:38:57,444 - firewallMonitor - ERROR - Blocker failed to add rate limit for Protocol: tcp, Port: 80

2025-05-05 15:38:57,451 - firewallMonitor - INFO - Successfully initalised Firewall

2025-05-05 15:39:01,186 - firewallMonitor - INFO - Successfully initalised Firewall

2025-05-05 15:39:01,195 - firewallMonitor - INFO - Successfully initalised Firewall

2025-05-05 15:39:04,454 - firewallMonitor - INFO - Successfully initalised Firewall

2025-05-05 15:39:04,461 - firewallMonitor - INFO - Successfully initalised Firewall

2025-05-05 15:39:16,101 - firewallMonitor - INFO - Successfully initalised Firewall

2025-05-05 15:57:15,529 - firewallMonitor - INFO - Successfully initalised Firewall

2025-05-05 15:57:19,609 - firewallMonitor - INFO - Successfully initalised Firewall

2025-05-05 15:57:19,623 - firewallMonitor - INFO - Successfully initalised Firewall

2025-05-05 15:57:30,764 - firewallMonitor - INFO - Successfully initalised Firewall

2025-05-05 15:57:34,472 - firewallMonitor - INFO - Successfully initalised Firewall

2025-05-05 15:57:34,482 - firewallMonitor - INFO - Successfully initalised Firewall

2025-05-05 15:57:47,430 - firewallMonitor - INFO - Successfully initalised Firewall

2025-05-05 15:57:48,089 - firewallMonitor - INFO - Successfully initalised Firewall

2025-05-05 15:57:56,418 - firewallMonitor - INFO - Successfully initalised Firewall

